# JRE version: OpenJDK Runtime Environment (17.0+35) (build 17+35-2724)
# Java VM: OpenJDK 64-Bit Server VM (17+35-2724, mixed mode, sharing, tiered, compressed oops, compressed class ptrs, g1 gc, windows-amd64)
GC Precious Log:
 CPUs: 8 total, 8 available
 Memory: 8099M
 Large Page Support: Disabled
 NUMA Support: Disabled
 Compressed Oops: Enabled (32-bit)
 Heap Region Size: 1M
 Heap Min Capacity: 8M
 Heap Initial Capacity: 128M
 Heap Max Capacity: 2026M
 Pre-touch: Disabled
 Parallel Workers: 8
 Concurrent Workers: 2
 Concurrent Refinement Workers: 8
 Periodic GC: Disabled
Heap:
 garbage-first heap   total 189440K, used 80072K [0x0000000081600000, 0x0000000100000000)
  region size 1024K, 8 young (8192K), 1 survivors (1024K)
 Metaspace       used 13242K, committed 13568K, reserved 1064960K
  class space    used 1645K, committed 1792K, reserved 1048576K
GC Heap History (20 events):
Event: 15.293 GC heap before
{Heap before GC invocations=27 (full 0):
 garbage-first heap   total 189440K, used 87210K [0x0000000081600000, 0x0000000100000000)
  region size 1024K, 4 young (4096K), 1 survivors (1024K)
 Metaspace       used 13063K, committed 13376K, reserved 1064960K
  class space    used 1634K, committed 1792K, reserved 1048576K
}
Event: 15.294 GC heap after
{Heap after GC invocations=28 (full 0):
 garbage-first heap   total 189440K, used 70837K [0x0000000081600000, 0x0000000100000000)
  region size 1024K, 1 young (1024K), 1 survivors (1024K)
 Metaspace       used 13063K, committed 13376K, reserved 1064960K
  class space    used 1634K, committed 1792K, reserved 1048576K
}
Event: 17.083 GC heap before
{Heap before GC invocations=28 (full 0):
 garbage-first heap   total 189440K, used 123061K [0x0000000081600000, 0x0000000100000000)
  region size 1024K, 39 young (39936K), 1 survivors (1024K)
 Metaspace       used 13089K, committed 13376K, reserved 1064960K
  class space    used 1635K, committed 1792K, reserved 1048576K
}
Event: 17.083 GC heap after
{Heap after GC invocations=29 (full 0):
 garbage-first heap   total 189440K, used 70870K [0x0000000081600000, 0x0000000100000000)
  region size 1024K, 1 young (1024K), 1 survivors (1024K)
 Metaspace       used 13089K, committed 13376K, reserved 1064960K
  class space    used 1635K, committed 1792K, reserved 1048576K
}
Event: 17.481 GC heap before
{Heap before GC invocations=29 (full 0):
 garbage-first heap   total 189440K, used 87254K [0x0000000081600000, 0x0000000100000000)
  region size 1024K, 4 young (4096K), 1 survivors (1024K)
 Metaspace       used 13104K, committed 13440K, reserved 1064960K
  class space    used 1635K, committed 1792K, reserved 1048576K
}
Event: 17.482 GC heap after
{Heap after GC invocations=30 (full 0):
 garbage-first heap   total 189440K, used 70853K [0x0000000081600000, 0x0000000100000000)
  region size 1024K, 1 young (1024K), 1 survivors (1024K)
 Metaspace       used 13104K, committed 13440K, reserved 1064960K
  class space    used 1635K, committed 1792K, reserved 1048576K
}
Event: 19.165 GC heap before
{Heap before GC invocations=30 (full 0):
 garbage-first heap   total 189440K, used 95429K [0x0000000081600000, 0x0000000100000000)
  region size 1024K, 12 young (12288K), 1 survivors (1024K)
 Metaspace       used 13115K, committed 13440K, reserved 1064960K
  class space    used 1635K, committed 1792K, reserved 1048576K
}
Event: 19.165 GC heap after
{Heap after GC invocations=31 (full 0):
 garbage-first heap   total 189440K, used 70852K [0x0000000081600000, 0x0000000100000000)
  region size 1024K, 1 young (1024K), 1 survivors (1024K)
 Metaspace       used 13115K, committed 13440K, reserved 1064960K
  class space    used 1635K, committed 1792K, reserved 1048576K
}
Event: 19.543 GC heap before
{Heap before GC invocations=31 (full 0):
 garbage-first heap   total 189440K, used 87236K [0x0000000081600000, 0x0000000100000000)
  region size 1024K, 4 young (4096K), 1 survivors (1024K)
 Metaspace       used 13116K, committed 13440K, reserved 1064960K
  class space    used 1635K, committed 1792K, reserved 1048576K
}
Event: 19.544 GC heap after
{Heap after GC invocations=32 (full 0):
 garbage-first heap   total 189440K, used 70850K [0x0000000081600000, 0x0000000100000000)
  region size 1024K, 1 young (1024K), 1 survivors (1024K)
 Metaspace       used 13116K, committed 13440K, reserved 1064960K
  class space    used 1635K, committed 1792K, reserved 1048576K
}
Event: 22.442 GC heap before
{Heap before GC invocations=32 (full 0):
 garbage-first heap   total 189440K, used 96450K [0x0000000081600000, 0x0000000100000000)
  region size 1024K, 13 young (13312K), 1 survivors (1024K)
 Metaspace       used 13134K, committed 13440K, reserved 1064960K
  class space    used 1637K, committed 1792K, reserved 1048576K
}
Event: 22.443 GC heap after
{Heap after GC invocations=33 (full 0):
 garbage-first heap   total 189440K, used 70853K [0x0000000081600000, 0x0000000100000000)
  region size 1024K, 1 young (1024K), 1 survivors (1024K)
 Metaspace       used 13134K, committed 13440K, reserved 1064960K
  class space    used 1637K, committed 1792K, reserved 1048576K
}
Event: 22.820 GC heap before
{Heap before GC invocations=33 (full 0):
 garbage-first heap   total 189440K, used 87237K [0x0000000081600000, 0x0000000100000000)
  region size 1024K, 4 young (4096K), 1 survivors (1024K)
 Metaspace       used 13144K, committed 13440K, reserved 1064960K
  class space    used 1637K, committed 1792K, reserved 1048576K
}
Event: 22.822 GC heap after
{Heap after GC invocations=34 (full 0):
 garbage-first heap   total 189440K, used 70849K [0x0000000081600000, 0x0000000100000000)
  region size 1024K, 1 young (1024K), 1 survivors (1024K)
 Metaspace       used 13144K, committed 13440K, reserved 1064960K
  class space    used 1637K, committed 1792K, reserved 1048576K
}
Event: 24.426 GC heap before
{Heap before GC invocations=34 (full 0):
 garbage-first heap   total 189440K, used 88257K [0x0000000081600000, 0x0000000100000000)
  region size 1024K, 5 young (5120K), 1 survivors (1024K)
 Metaspace       used 13151K, committed 13440K, reserved 1064960K
  class space    used 1637K, committed 1792K, reserved 1048576K
}
Event: 24.426 GC heap after
{Heap after GC invocations=35 (full 0):
 garbage-first heap   total 189440K, used 70854K [0x0000000081600000, 0x0000000100000000)
  region size 1024K, 1 young (1024K), 1 survivors (1024K)
 Metaspace       used 13151K, committed 13440K, reserved 1064960K
  class space    used 1637K, committed 1792K, reserved 1048576K
}
Event: 24.826 GC heap before
{Heap before GC invocations=35 (full 0):
 garbage-first heap   total 189440K, used 94406K [0x0000000081600000, 0x0000000100000000)
  region size 1024K, 11 young (11264K), 1 survivors (1024K)
 Metaspace       used 13155K, committed 13440K, reserved 1064960K
  class space    used 1637K, committed 1792K, reserved 1048576K
}
Event: 24.826 GC heap after
{Heap after GC invocations=36 (full 0):
 garbage-first heap   total 189440K, used 70858K [0x0000000081600000, 0x0000000100000000)
  region size 1024K, 1 young (1024K), 1 survivors (1024K)
 Metaspace       used 13155K, committed 13440K, reserved 1064960K
  class space    used 1637K, committed 1792K, reserved 1048576K
}
Event: 25.213 GC heap before
{Heap before GC invocations=36 (full 0):
 garbage-first heap   total 189440K, used 87242K [0x0000000081600000, 0x0000000100000000)
  region size 1024K, 4 young (4096K), 1 survivors (1024K)
 Metaspace       used 13169K, committed 13440K, reserved 1064960K
  class space    used 1637K, committed 1792K, reserved 1048576K
}
Event: 25.213 GC heap after
{Heap after GC invocations=37 (full 0):
 garbage-first heap   total 189440K, used 70856K [0x0000000081600000, 0x0000000100000000)
  region size 1024K, 1 young (1024K), 1 survivors (1024K)
 Metaspace       used 13169K, committed 13440K, reserved 1064960K
  class space    used 1637K, committed 1792K, reserved 1048576K
}

