# JRE version: OpenJDK Runtime Environment (17.0+35) (build 17+35-2724)
# Java VM: OpenJDK 64-Bit Server VM (17+35-2724, mixed mode, sharing, tiered, compressed oops, compressed class ptrs, g1 gc, windows-amd64)
GC Precious Log:
 CPUs: 8 total, 8 available
 Memory: 8099M
 Large Page Support: Disabled
 NUMA Support: Disabled
 Compressed Oops: Enabled (32-bit)
 Heap Region Size: 1M
 Heap Min Capacity: 8M
 Heap Initial Capacity: 128M
 Heap Max Capacity: 2026M
 Pre-touch: Disabled
 Parallel Workers: 8
 Concurrent Workers: 2
 Concurrent Refinement Workers: 8
 Periodic GC: Disabled
Heap:
 garbage-first heap   total 198656K, used 85914K [0x0000000081600000, 0x0000000100000000)
  region size 1024K, 7 young (7168K), 2 survivors (2048K)
 Metaspace       used 14240K, committed 14464K, reserved 1064960K
  class space    used 1651K, committed 1792K, reserved 1048576K
GC Heap History (20 events):
Event: 332.232 GC heap before
{Heap before GC invocations=266 (full 0):
 garbage-first heap   total 198656K, used 90356K [0x0000000081600000, 0x0000000100000000)
  region size 1024K, 4 young (4096K), 1 survivors (1024K)
 Metaspace       used 14024K, committed 14272K, reserved 1064960K
  class space    used 1643K, committed 1792K, reserved 1048576K
}
Event: 332.233 GC heap after
{Heap after GC invocations=267 (full 0):
 garbage-first heap   total 198656K, used 73976K [0x0000000081600000, 0x0000000100000000)
  region size 1024K, 1 young (1024K), 1 survivors (1024K)
 Metaspace       used 14024K, committed 14272K, reserved 1064960K
  class space    used 1643K, committed 1792K, reserved 1048576K
}
Event: 332.608 GC heap before
{Heap before GC invocations=267 (full 0):
 garbage-first heap   total 198656K, used 92408K [0x0000000081600000, 0x0000000100000000)
  region size 1024K, 6 young (6144K), 1 survivors (1024K)
 Metaspace       used 14024K, committed 14272K, reserved 1064960K
  class space    used 1643K, committed 1792K, reserved 1048576K
}
Event: 332.609 GC heap after
{Heap after GC invocations=268 (full 0):
 garbage-first heap   total 198656K, used 73977K [0x0000000081600000, 0x0000000100000000)
  region size 1024K, 1 young (1024K), 1 survivors (1024K)
 Metaspace       used 14024K, committed 14272K, reserved 1064960K
  class space    used 1643K, committed 1792K, reserved 1048576K
}
Event: 332.989 GC heap before
{Heap before GC invocations=268 (full 0):
 garbage-first heap   total 198656K, used 88313K [0x0000000081600000, 0x0000000100000000)
  region size 1024K, 2 young (2048K), 1 survivors (1024K)
 Metaspace       used 14024K, committed 14272K, reserved 1064960K
  class space    used 1643K, committed 1792K, reserved 1048576K
}
Event: 332.990 GC heap after
{Heap after GC invocations=269 (full 0):
 garbage-first heap   total 198656K, used 73976K [0x0000000081600000, 0x0000000100000000)
  region size 1024K, 1 young (1024K), 1 survivors (1024K)
 Metaspace       used 14024K, committed 14272K, reserved 1064960K
  class space    used 1643K, committed 1792K, reserved 1048576K
}
Event: 335.643 GC heap before
{Heap before GC invocations=269 (full 0):
 garbage-first heap   total 198656K, used 94456K [0x0000000081600000, 0x0000000100000000)
  region size 1024K, 8 young (8192K), 1 survivors (1024K)
 Metaspace       used 14024K, committed 14272K, reserved 1064960K
  class space    used 1643K, committed 1792K, reserved 1048576K
}
Event: 335.644 GC heap after
{Heap after GC invocations=270 (full 0):
 garbage-first heap   total 198656K, used 73992K [0x0000000081600000, 0x0000000100000000)
  region size 1024K, 1 young (1024K), 1 survivors (1024K)
 Metaspace       used 14024K, committed 14272K, reserved 1064960K
  class space    used 1643K, committed 1792K, reserved 1048576K
}
Event: 336.022 GC heap before
{Heap before GC invocations=270 (full 0):
 garbage-first heap   total 198656K, used 88328K [0x0000000081600000, 0x0000000100000000)
  region size 1024K, 2 young (2048K), 1 survivors (1024K)
 Metaspace       used 14024K, committed 14272K, reserved 1064960K
  class space    used 1643K, committed 1792K, reserved 1048576K
}
Event: 336.023 GC heap after
{Heap after GC invocations=271 (full 0):
 garbage-first heap   total 198656K, used 73985K [0x0000000081600000, 0x0000000100000000)
  region size 1024K, 1 young (1024K), 1 survivors (1024K)
 Metaspace       used 14024K, committed 14272K, reserved 1064960K
  class space    used 1643K, committed 1792K, reserved 1048576K
}
Event: 337.712 GC heap before
{Heap before GC invocations=271 (full 0):
 garbage-first heap   total 198656K, used 93441K [0x0000000081600000, 0x0000000100000000)
  region size 1024K, 7 young (7168K), 1 survivors (1024K)
 Metaspace       used 14024K, committed 14272K, reserved 1064960K
  class space    used 1643K, committed 1792K, reserved 1048576K
}
Event: 337.713 GC heap after
{Heap after GC invocations=272 (full 0):
 garbage-first heap   total 198656K, used 73991K [0x0000000081600000, 0x0000000100000000)
  region size 1024K, 1 young (1024K), 1 survivors (1024K)
 Metaspace       used 14024K, committed 14272K, reserved 1064960K
  class space    used 1643K, committed 1792K, reserved 1048576K
}
Event: 338.091 GC heap before
{Heap before GC invocations=272 (full 0):
 garbage-first heap   total 198656K, used 88327K [0x0000000081600000, 0x0000000100000000)
  region size 1024K, 2 young (2048K), 1 survivors (1024K)
 Metaspace       used 14024K, committed 14272K, reserved 1064960K
  class space    used 1643K, committed 1792K, reserved 1048576K
}
Event: 338.092 GC heap after
{Heap after GC invocations=273 (full 0):
 garbage-first heap   total 198656K, used 73986K [0x0000000081600000, 0x0000000100000000)
  region size 1024K, 1 young (1024K), 1 survivors (1024K)
 Metaspace       used 14024K, committed 14272K, reserved 1064960K
  class space    used 1643K, committed 1792K, reserved 1048576K
}
Event: 339.366 GC heap before
{Heap before GC invocations=273 (full 0):
 garbage-first heap   total 198656K, used 93442K [0x0000000081600000, 0x0000000100000000)
  region size 1024K, 7 young (7168K), 1 survivors (1024K)
 Metaspace       used 14024K, committed 14272K, reserved 1064960K
  class space    used 1643K, committed 1792K, reserved 1048576K
}
Event: 339.367 GC heap after
{Heap after GC invocations=274 (full 0):
 garbage-first heap   total 198656K, used 73996K [0x0000000081600000, 0x0000000100000000)
  region size 1024K, 1 young (1024K), 1 survivors (1024K)
 Metaspace       used 14024K, committed 14272K, reserved 1064960K
  class space    used 1643K, committed 1792K, reserved 1048576K
}
Event: 339.758 GC heap before
{Heap before GC invocations=274 (full 0):
 garbage-first heap   total 198656K, used 88332K [0x0000000081600000, 0x0000000100000000)
  region size 1024K, 2 young (2048K), 1 survivors (1024K)
 Metaspace       used 14024K, committed 14272K, reserved 1064960K
  class space    used 1643K, committed 1792K, reserved 1048576K
}
Event: 339.759 GC heap after
{Heap after GC invocations=275 (full 0):
 garbage-first heap   total 198656K, used 73988K [0x0000000081600000, 0x0000000100000000)
  region size 1024K, 1 young (1024K), 1 survivors (1024K)
 Metaspace       used 14024K, committed 14272K, reserved 1064960K
  class space    used 1643K, committed 1792K, reserved 1048576K
}
Event: 369.563 GC heap before
{Heap before GC invocations=275 (full 0):
 garbage-first heap   total 198656K, used 138500K [0x0000000081600000, 0x0000000100000000)
  region size 1024K, 52 young (53248K), 1 survivors (1024K)
 Metaspace       used 14196K, committed 14464K, reserved 1064960K
  class space    used 1648K, committed 1792K, reserved 1048576K
}
Event: 369.564 GC heap after
{Heap after GC invocations=276 (full 0):
 garbage-first heap   total 198656K, used 78746K [0x0000000081600000, 0x0000000100000000)
  region size 1024K, 2 young (2048K), 2 survivors (2048K)
 Metaspace       used 14196K, committed 14464K, reserved 1064960K
  class space    used 1648K, committed 1792K, reserved 1048576K
}

